<?xml version="1.0" encoding="UTF-8"?>
<coverage generated="1666181614925" clover="3.2.0">
  <project timestamp="1666181614925" name="All files">
    <metrics statements="14" coveredstatements="13" conditionals="3" coveredconditionals="2" methods="4" coveredmethods="4" elements="21" coveredelements="19" complexity="0" loc="14" ncloc="14" packages="2" files="2" classes="2"/>
    <package name="controllers">
      <metrics statements="10" coveredstatements="9" conditionals="1" coveredconditionals="1" methods="2" coveredmethods="2"/>
      <file name="signup.ts" path="C:\Users\carlo\Desktop\NODEJS\src\presentation\controllers\signup.ts">
        <metrics statements="10" coveredstatements="9" conditionals="1" coveredconditionals="1" methods="2" coveredmethods="2"/>
        <line num="2" count="1" type="stmt"/>
        <line num="3" count="1" type="stmt"/>
        <line num="6" count="1" type="stmt"/>
        <line num="7" count="1" type="stmt"/>
        <line num="8" count="4" type="stmt"/>
        <line num="10" count="10" type="stmt"/>
        <line num="11" count="10" type="cond" truecount="1" falsecount="0"/>
        <line num="12" count="4" type="stmt"/>
        <line num="15" count="0" type="stmt"/>
        <line num="20" count="1" type="stmt"/>
      </file>
    </package>
    <package name="errors">
      <metrics statements="4" coveredstatements="4" conditionals="2" coveredconditionals="1" methods="2" coveredmethods="2"/>
      <file name="missing-param-error.ts" path="C:\Users\carlo\Desktop\NODEJS\src\presentation\errors\missing-param-error.ts">
        <metrics statements="4" coveredstatements="4" conditionals="2" coveredconditionals="1" methods="2" coveredmethods="2"/>
        <line num="1" count="1" type="stmt"/>
        <line num="3" count="8" type="cond" truecount="1" falsecount="1"/>
        <line num="4" count="8" type="stmt"/>
        <line num="6" count="1" type="stmt"/>
      </file>
    </package>
  </project>
</coverage>
