<?xml version="1.0" encoding="UTF-8"?>
<coverage generated="1666112562109" clover="3.2.0">
  <project timestamp="1666112562109" name="All files">
    <metrics statements="11" coveredstatements="10" conditionals="1" coveredconditionals="1" methods="3" coveredmethods="3" elements="15" coveredelements="14" complexity="0" loc="11" ncloc="11" packages="2" files="2" classes="2"/>
    <package name="controllers">
      <metrics statements="10" coveredstatements="9" conditionals="1" coveredconditionals="1" methods="2" coveredmethods="2"/>
      <file name="signup.ts" path="C:\Users\carlo\Desktop\NODEJS\src\presentation\controllers\signup.ts">
        <metrics statements="10" coveredstatements="9" conditionals="1" coveredconditionals="1" methods="2" coveredmethods="2"/>
        <line num="2" count="1" type="stmt"/>
        <line num="3" count="1" type="stmt"/>
        <line num="5" count="1" type="stmt"/>
        <line num="6" count="1" type="stmt"/>
        <line num="7" count="2" type="stmt"/>
        <line num="9" count="4" type="stmt"/>
        <line num="10" count="3" type="cond" truecount="1" falsecount="0"/>
        <line num="11" count="2" type="stmt"/>
        <line num="14" count="0" type="stmt"/>
        <line num="19" count="1" type="stmt"/>
      </file>
    </package>
    <package name="helpers">
      <metrics statements="1" coveredstatements="1" conditionals="0" coveredconditionals="0" methods="1" coveredmethods="1"/>
      <file name="http-helper.ts" path="C:\Users\carlo\Desktop\NODEJS\src\presentation\helpers\http-helper.ts">
        <metrics statements="1" coveredstatements="1" conditionals="0" coveredconditionals="0" methods="1" coveredmethods="1"/>
        <line num="3" count="2" type="stmt"/>
      </file>
    </package>
  </project>
</coverage>
