{"C:\\Users\\carlo\\Desktop\\NODEJS\\src\\presentation\\controllers\\signup.ts": {"path":"C:\\Users\\carlo\\Desktop\\NODEJS\\src\\presentation\\controllers\\signup.ts","statementMap":{"0":{"start":{"line":2,"column":0},"end":{"line":2,"column":65}},"1":{"start":{"line":3,"column":0},"end":{"line":3,"column":51}},"2":{"start":{"line":5,"column":0},"end":{"line":5,"column":13}},"3":{"start":{"line":6,"column":2},"end":{"line":18,"column":null}},"4":{"start":{"line":7,"column":27},"end":{"line":7,"column":80}},"5":{"start":{"line":9,"column":4},"end":{"line":13,"column":null}},"6":{"start":{"line":9,"column":24},"end":{"line":9,"column":38}},"7":{"start":{"line":9,"column":20},"end":{"line":9,"column":24}},"8":{"start":{"line":10,"column":6},"end":{"line":12,"column":null}},"9":{"start":{"line":11,"column":8},"end":{"line":11,"column":null}},"10":{"start":{"line":14,"column":4},"end":{"line":17,"column":null}},"11":{"start":{"line":19,"column":0},"end":{"line":19,"column":null}},"12":{"start":{"line":5,"column":13},"end":{"line":5,"column":29}}},"fnMap":{"0":{"name":"(anonymous_0)","decl":{"start":{"line":5,"column":0},"end":{"line":5,"column":13}},"loc":{"start":{"line":5,"column":0},"end":{"line":19,"column":null}}},"1":{"name":"(anonymous_2)","decl":{"start":{"line":6,"column":2},"end":{"line":6,"column":8}},"loc":{"start":{"line":6,"column":34},"end":{"line":18,"column":3}}}},"branchMap":{"0":{"loc":{"start":{"line":10,"column":6},"end":{"line":12,"column":null}},"type":"if","locations":[{"start":{"line":10,"column":6},"end":{"line":12,"column":null}}]}},"s":{"0":1,"1":1,"2":1,"3":1,"4":4,"5":4,"6":8,"7":10,"8":10,"9":4,"10":0,"11":1,"12":1},"f":{"0":5,"1":4},"b":{"0":[4]}}
,"C:\\Users\\carlo\\Desktop\\NODEJS\\src\\presentation\\helpers\\http-helper.ts": {"path":"C:\\Users\\carlo\\Desktop\\NODEJS\\src\\presentation\\helpers\\http-helper.ts","statementMap":{"0":{"start":{"line":3,"column":26},"end":{"line":3,"column":59}},"1":{"start":{"line":3,"column":58},"end":{"line":6,"column":null}},"2":{"start":{"line":3,"column":13},"end":{"line":3,"column":26}}},"fnMap":{"0":{"name":"(anonymous_0)","decl":{"start":{"line":3,"column":26},"end":{"line":3,"column":27}},"loc":{"start":{"line":3,"column":39},"end":{"line":3,"column":59}}}},"branchMap":{},"s":{"0":1,"1":4,"2":1},"f":{"0":4},"b":{}}
}
