{"C:\\Users\\carlo\\Desktop\\NODEJS\\src\\presentation\\controllers\\signup.ts": {"path":"C:\\Users\\carlo\\Desktop\\NODEJS\\src\\presentation\\controllers\\signup.ts","statementMap":{"0":{"start":{"line":2,"column":0},"end":{"line":2,"column":65}},"1":{"start":{"line":4,"column":0},"end":{"line":4,"column":13}},"2":{"start":{"line":5,"column":2},"end":{"line":22,"column":null}},"3":{"start":{"line":6,"column":4},"end":{"line":11,"column":null}},"4":{"start":{"line":7,"column":6},"end":{"line":10,"column":null}},"5":{"start":{"line":12,"column":4},"end":{"line":17,"column":null}},"6":{"start":{"line":13,"column":6},"end":{"line":16,"column":null}},"7":{"start":{"line":18,"column":4},"end":{"line":21,"column":null}},"8":{"start":{"line":23,"column":0},"end":{"line":23,"column":null}},"9":{"start":{"line":4,"column":13},"end":{"line":4,"column":29}}},"fnMap":{"0":{"name":"(anonymous_0)","decl":{"start":{"line":4,"column":0},"end":{"line":4,"column":13}},"loc":{"start":{"line":4,"column":0},"end":{"line":23,"column":null}}},"1":{"name":"(anonymous_2)","decl":{"start":{"line":5,"column":2},"end":{"line":5,"column":8}},"loc":{"start":{"line":5,"column":34},"end":{"line":22,"column":3}}}},"branchMap":{"0":{"loc":{"start":{"line":6,"column":4},"end":{"line":11,"column":null}},"type":"if","locations":[{"start":{"line":6,"column":4},"end":{"line":11,"column":null}}]},"1":{"loc":{"start":{"line":12,"column":4},"end":{"line":17,"column":null}},"type":"if","locations":[{"start":{"line":12,"column":4},"end":{"line":17,"column":null}}]}},"s":{"0":1,"1":1,"2":1,"3":2,"4":1,"5":1,"6":1,"7":0,"8":1,"9":1},"f":{"0":3,"1":2},"b":{"0":[1],"1":[1]}}
}
