TN:
SF:src\presentation\controllers\signup.ts
FN:6,(anonymous_0)
FN:7,(anonymous_2)
FNF:2
FNH:2
FNDA:5,(anonymous_0)
FNDA:4,(anonymous_2)
DA:2,1
DA:3,1
DA:6,1
DA:7,1
DA:8,4
DA:10,10
DA:11,10
DA:12,4
DA:15,0
DA:20,1
LF:10
LH:9
BRDA:11,0,0,4
BRF:1
BRH:1
end_of_record
TN:
SF:src\presentation\errors\missing-param-error.ts
FN:1,(anonymous_6)
FN:2,MissingParamError
FNF:2
FNH:2
FNDA:1,(anonymous_6)
FNDA:8,MissingParamError
DA:1,1
DA:3,8
DA:4,8
DA:6,1
LF:4
LH:4
BRDA:3,0,0,8
BRDA:3,0,1,0
BRF:2
BRH:1
end_of_record
